
4월 05, 2022 11:38:33.769 NEW SESSION
4월 05, 2022 11:38:33.769 [4772:9728:0405/113833.768:ERROR:device_event_log_impl.cc(214)] [11:38:33.768] Bluetooth: bluetooth_adapter_winrt.cc:1075 Getting Default Adapter failed.
4월 05, 2022 12:56:58.509 [720:4576:0405/125658.509:ERROR:device_event_log_impl.cc(214)] [12:56:58.509] Bluetooth: bluetooth_adapter_winrt.cc:1075 Getting Default Adapter failed.

4월 06, 2022 09:21:45.169 NEW SESSION
4월 06, 2022 09:21:45.169 [7220:2208:0406/092145.168:ERROR:device_event_log_impl.cc(214)] [09:21:45.168] Bluetooth: bluetooth_adapter_winrt.cc:1075 Getting Default Adapter failed.
4월 06, 2022 09:28:33.844 [7508:324:0406/092833.844:ERROR:device_event_log_impl.cc(214)] [09:28:33.844] Bluetooth: bluetooth_adapter_winrt.cc:1075 Getting Default Adapter failed.
4월 06, 2022 09:29:34.156 [1936:1160:0406/092934.156:ERROR:device_event_log_impl.cc(214)] [09:29:34.156] Bluetooth: bluetooth_adapter_winrt.cc:1075 Getting Default Adapter failed.
4월 06, 2022 09:43:54.490 [8900:1504:0406/094354.489:ERROR:device_event_log_impl.cc(214)] [09:43:54.490] Bluetooth: bluetooth_adapter_winrt.cc:1075 Getting Default Adapter failed.
4월 06, 2022 10:50:19.340 [3116:4776:0406/105019.340:ERROR:device_event_log_impl.cc(214)] [10:50:19.340] Bluetooth: bluetooth_adapter_winrt.cc:1075 Getting Default Adapter failed.
4월 06, 2022 10:54:54.486 [5816:8232:0406/105454.486:ERROR:device_event_log_impl.cc(214)] [10:54:54.487] Bluetooth: bluetooth_adapter_winrt.cc:1075 Getting Default Adapter failed.
4월 06, 2022 11:02:29.628 [5816:3940:0406/110229.628:ERROR:database.cc(1777)] Passwords SQLite error: code 2067 errno 0: UNIQUE constraint failed: logins.origin_url, logins.username_element, logins.username_value, logins.password_element, logins.signon_realm sql: INSERT INTO logins (origin_url, action_url, username_element, username_value, password_element, password_value, submit_element, signon_realm, date_created, blacklisted_by_user, scheme, password_type, times_used, form_data, display_name, icon_url, federation_url, skip_zero_click, generation_upload_status, possible_username_pairs, id, date_last_used, moving_blocked_for, date_password_modified) VALUES (?,?,?,?,?,?,?,?,?,?,?,?,?,?,?,?,?,?,?,?,?,?,?,?)
4월 06, 2022 11:42:54.335 [3400:2756:0406/114254.335:ERROR:device_event_log_impl.cc(214)] [11:42:54.335] Bluetooth: bluetooth_adapter_winrt.cc:1075 Getting Default Adapter failed.
4월 06, 2022 11:49:42.963 [7428:5428:0406/114942.963:ERROR:device_event_log_impl.cc(214)] [11:49:42.964] Bluetooth: bluetooth_adapter_winrt.cc:1075 Getting Default Adapter failed.
4월 06, 2022 11:50:14.836 [7676:7616:0406/115014.836:ERROR:device_event_log_impl.cc(214)] [11:50:14.836] Bluetooth: bluetooth_adapter_winrt.cc:1075 Getting Default Adapter failed.
4월 06, 2022 11:50:37.316 [9092:1640:0406/115037.316:ERROR:device_event_log_impl.cc(214)] [11:50:37.316] Bluetooth: bluetooth_adapter_winrt.cc:1075 Getting Default Adapter failed.
4월 06, 2022 12:04:37.953 [8096:2376:0406/120437.953:ERROR:device_event_log_impl.cc(214)] [12:04:37.952] Bluetooth: bluetooth_adapter_winrt.cc:1075 Getting Default Adapter failed.
4월 06, 2022 12:04:53.117 [5188:6244:0406/120453.117:ERROR:device_event_log_impl.cc(214)] [12:04:53.117] Bluetooth: bluetooth_adapter_winrt.cc:1075 Getting Default Adapter failed.
4월 06, 2022 12:08:01.928 [4208:7048:0406/120801.928:ERROR:device_event_log_impl.cc(214)] [12:08:01.927] Bluetooth: bluetooth_adapter_winrt.cc:1075 Getting Default Adapter failed.
4월 06, 2022 12:08:28.196 [4712:5624:0406/120828.196:ERROR:device_event_log_impl.cc(214)] [12:08:28.196] Bluetooth: bluetooth_adapter_winrt.cc:1075 Getting Default Adapter failed.
4월 06, 2022 12:11:23.492 [2536:2804:0406/121123.492:ERROR:device_event_log_impl.cc(214)] [12:11:23.492] Bluetooth: bluetooth_adapter_winrt.cc:1075 Getting Default Adapter failed.
4월 06, 2022 12:23:41.387 [5112:4020:0406/122341.387:ERROR:device_event_log_impl.cc(214)] [12:23:41.386] Bluetooth: bluetooth_adapter_winrt.cc:1075 Getting Default Adapter failed.
4월 06, 2022 12:42:55.158 [8688:3400:0406/124255.158:ERROR:device_event_log_impl.cc(214)] [12:42:55.157] Bluetooth: bluetooth_adapter_winrt.cc:1075 Getting Default Adapter failed.
4월 06, 2022 13:58:31.61 [5328:7336:0406/135831.061:ERROR:device_event_log_impl.cc(214)] [13:58:31.061] Bluetooth: bluetooth_adapter_winrt.cc:1075 Getting Default Adapter failed.
4월 06, 2022 14:09:21.884 [5248:7104:0406/140921.884:ERROR:device_event_log_impl.cc(214)] [14:09:21.885] Bluetooth: bluetooth_adapter_winrt.cc:1075 Getting Default Adapter failed.

4월 07, 2022 09:17:27.201 NEW SESSION
4월 07, 2022 09:17:27.201 [6016:5664:0407/091727.197:ERROR:get_updates_processor.cc(260)] PostClientToServerMessage() failed during GetUpdates with error 2
4월 07, 2022 09:37:06.586 [6836:2796:0407/093706.586:ERROR:device_event_log_impl.cc(214)] [09:37:06.585] Bluetooth: bluetooth_adapter_winrt.cc:1075 Getting Default Adapter failed.
4월 07, 2022 09:39:48.414 [9136:7032:0407/093948.414:ERROR:device_event_log_impl.cc(214)] [09:39:48.415] Bluetooth: bluetooth_adapter_winrt.cc:1075 Getting Default Adapter failed.
4월 07, 2022 09:40:23.280 [8116:5924:0407/094023.280:ERROR:device_event_log_impl.cc(214)] [09:40:23.280] Bluetooth: bluetooth_adapter_winrt.cc:1075 Getting Default Adapter failed.
4월 07, 2022 10:09:35.722 [7608:3468:0407/100935.722:ERROR:device_event_log_impl.cc(214)] [10:09:35.722] Bluetooth: bluetooth_adapter_winrt.cc:1075 Getting Default Adapter failed.
4월 07, 2022 10:36:26.806 [4652:2712:0407/103626.806:ERROR:device_event_log_impl.cc(214)] [10:36:26.805] Bluetooth: bluetooth_adapter_winrt.cc:1075 Getting Default Adapter failed.
4월 07, 2022 10:38:24.679 [6360:3968:0407/103824.679:ERROR:device_event_log_impl.cc(214)] [10:38:24.679] Bluetooth: bluetooth_adapter_winrt.cc:1075 Getting Default Adapter failed.
4월 07, 2022 11:13:51.923 [3824:6516:0407/111351.923:ERROR:device_event_log_impl.cc(214)] [11:13:51.923] Bluetooth: bluetooth_adapter_winrt.cc:1075 Getting Default Adapter failed.
4월 07, 2022 11:14:32.323 [4788:8500:0407/111432.323:ERROR:device_event_log_impl.cc(214)] [11:14:32.322] Bluetooth: bluetooth_adapter_winrt.cc:1075 Getting Default Adapter failed.
4월 07, 2022 11:25:55.213 [8128:2504:0407/112555.213:ERROR:device_event_log_impl.cc(214)] [11:25:55.213] Bluetooth: bluetooth_adapter_winrt.cc:1075 Getting Default Adapter failed.
4월 07, 2022 12:02:36.622 [3148:4696:0407/120236.622:ERROR:device_event_log_impl.cc(214)] [12:02:36.621] Bluetooth: bluetooth_adapter_winrt.cc:1075 Getting Default Adapter failed.
4월 07, 2022 12:25:30.262 [2432:3832:0407/122530.262:ERROR:device_event_log_impl.cc(214)] [12:25:30.262] Bluetooth: bluetooth_adapter_winrt.cc:1075 Getting Default Adapter failed.
4월 07, 2022 12:32:10.593 [3424:7856:0407/123210.593:ERROR:device_event_log_impl.cc(214)] [12:32:10.593] Bluetooth: bluetooth_adapter_winrt.cc:1075 Getting Default Adapter failed.
4월 07, 2022 12:36:06.763 [2756:8816:0407/123606.763:ERROR:device_event_log_impl.cc(214)] [12:36:06.763] Bluetooth: bluetooth_adapter_winrt.cc:1075 Getting Default Adapter failed.

4월 07, 2022 14:15:38.565 NEW SESSION
4월 07, 2022 14:15:38.565 [7500:5780:0407/141538.564:ERROR:device_event_log_impl.cc(214)] [14:15:38.563] Bluetooth: bluetooth_adapter_winrt.cc:1075 Getting Default Adapter failed.

4월 08, 2022 09:13:50.37 NEW SESSION
4월 08, 2022 09:13:50.37 [5420:5692:0408/091350.036:ERROR:device_event_log_impl.cc(214)] [09:13:50.037] Bluetooth: bluetooth_adapter_winrt.cc:1075 Getting Default Adapter failed.
4월 08, 2022 09:16:55.788 [5420:5692:0408/091655.788:ERROR:CONSOLE(0)] "Blocked script execution in 'data:text/html;charset=UTF-8,%0D%0A%3C!DOCTYPE%20html%3E%0D%0A%3Chtml%3E%0D%0A%3Chead%3E%0D%0A%3Cmeta%20charset=%22UTF-8%22%3E%0D%0A%3Ctitle%3EInsert%20title%20here%3C/title%3E%0D%0A%3C/head%3E%0D%0A%3Cbody%3E%0D%0A%09%3Ch1%3E%ED%95%99%EC%A0%90%EA%B3%84%EC%82%B0%EA%B8%B0%3C/h1%3E%0D%0A%09%3Cbutton%20type=%22button%22%20class=%22subject-plus%22%3E%EA%B3%BC%EB%AA%A9%20%EC%B6%94%EA%B0%80%3C/button%3E%0D%0A%09%3Cform%20action=%22/JspStudy_8452/study/grade/controller/grade_controller.jsp%22%3E%0D%0A%09%3Cdiv%3E...0D%0A%09%09%09%09%09%09%09%3Coption%20value=%22F%22%3EF%3C/option%3E%0D%0A%09%09%09%09%09%09%3C/select%3E%0D%0A%09%09%09%09%09%3C/td%3E%0D%0A%09%09%09%09%09%3Ctd%3E%3Cinput%20type=%22text%22%20name=%22time%22%3E%3C/td%3E%0D%0A%09%09%09%09%3C/tr%3E%0D%0A%09%09%09%3C/tbody%3E%0D%0A%09%09%3C/table%3E%0D%0A%09%3C/div%3E%0D%0A%09%3Cbutton%3E%EA%B3%84%EC%82%B0%3C/button%3E%0D%0A%09%3C/form%3E%0D%0A%09%3Cscript%20type=%22text/javascript%22%20src=%22js/grade.js%22%3E%3C/script%3E%0D%0A%3C/body%3E%0D%0A%3C/html%3E' because the document's frame is sandboxed and the 'allow-scripts' permission is not set.", source: data:text/html;charset=UTF-8,%0D%0A%3C!DOCTYPE%20html%3E%0D%0A%3Chtml%3E%0D%0A%3Chead%3E%0D%0A%3Cmeta%20charset=%22UTF-8%22%3E%0D%0A%3Ctitle%3EInsert%20title%20here%3C/title%3E%0D%0A%3C/head%3E%0D%0A%3Cbody%3E%0D%0A%09%3Ch1%3E%ED%95%99%EC%A0%90%EA%B3%84%EC%82%B0%EA%B8%B0%3C/h1%3E%0D%0A%09%3Cbutton%20type=%22button%22%20class=%22subject-plus%22%3E%EA%B3%BC%EB%AA%A9%20%EC%B6%94%EA%B0%80%3C/button%3E%0D%0A%09%3Cform%20action=%22/JspStudy_8452/study/grade/controller/grade_controller.jsp%22%3E%0D%0A%09%3Cdiv%3E%0D%0A%09%09%3Ctable%3E%0D%0A%09%09%09%3Cthead%3E%0D%0A%09%09%09%09%3Ctr%3E%0D%0A%09%09%09%09%09%3Cth%3E%EA%B3%BC%EB%AA%A9%3C/th%3E%0D%0A%09%09%09%09%09%3Cth%3E%EC%A0%90%EC%88%98%3C/th%3E%0D%0A%09%09%09%09%09%3Cth%3E%ED%95%99%EC%A0%90%3C/th%3E%0D%0A%09%09%09%09%3C/tr%3E%0D%0A%09%09%09%3C/thead%3E%0D%0A%09%09%09%3Ctbody%3E%0D%0A%09%09%09%09%3Ctr%3E%0D%0A%09%09%09%09%09%3Ctd%3E%3Cinput%20type=%22text%22%20name=%22subject%22%3E%3C/td%3E%0D%0A%09%09%09%09%09%3Ctd%3E%0D%0A%09%09%09%09%09%09%3Cselect%20name=%22grade%22%3E%0D%0A%09%09%09%09%09%09%09%3Coption%20value=%22A+%22%3EA+%3C/option%3E%0D%0A%09%09%09%09%09%09%09%3Coption%20value=%22A%22%3EA%3C/option%3E%0D%0A%09%09%09%09%09%09%09%3Coption%20value=%22B+%22%3EB+%3C/option%3E%0D%0A%09%09%09%09%09%09%09%3Coption%20value=%22B%22%3EB%3C/option%3E%0D%0A%09%09%09%09%09%09%09%3Coption%20value=%22C+%22%3EC+%3C/option%3E%0D%0A%09%09%09%09%09%09%09%3Coption%20value=%22C%22%3EC%3C/option%3E%0D%0A%09%09%09%09%09%09%09%3Coption%20value=%22D+%22%3ED+%3C/option%3E%0D%0A%09%09%09%09%09%09%09%3Coption%20value=%22D%22%3ED%3C/option%3E%0D%0A%09%09%09%09%09%09%09%3Coption%20value=%22F%22%3EF%3C/option%3E%0D%0A%09%09%09%09%09%09%3C/select%3E%0D%0A%09%09%09%09%09%3C/td%3E%0D%0A%09%09%09%09%09%3Ctd%3E%3Cinput%20type=%22text%22%20name=%22time%22%3E%3C/td%3E%0D%0A%09%09%09%09%3C/tr%3E%0D%0A%09%09%09%3C/tbody%3E%0D%0A%09%09%3C/table%3E%0D%0A%09%3C/div%3E%0D%0A%09%3Cbutton%3E%EA%B3%84%EC%82%B0%3C/button%3E%0D%0A%09%3C/form%3E%0D%0A%09%3Cscript%20type=%22text/javascript%22%20src=%22js/grade.js%22%3E%3C/script%3E%0D%0A%3C/body%3E%0D%0A%3C/html%3E (0)
4월 08, 2022 09:47:30.614 [2468:7328:0408/094730.614:ERROR:device_event_log_impl.cc(214)] [09:47:30.614] Bluetooth: bluetooth_adapter_winrt.cc:1075 Getting Default Adapter failed.
4월 08, 2022 09:49:29.249 [6840:1976:0408/094929.249:ERROR:device_event_log_impl.cc(214)] [09:49:29.249] Bluetooth: bluetooth_adapter_winrt.cc:1075 Getting Default Adapter failed.
4월 08, 2022 10:31:59.443 [6444:6640:0408/103159.443:ERROR:device_event_log_impl.cc(214)] [10:31:59.444] Bluetooth: bluetooth_adapter_winrt.cc:1075 Getting Default Adapter failed.
4월 08, 2022 10:48:59.211 [352:2796:0408/104859.211:ERROR:device_event_log_impl.cc(214)] [10:48:59.212] Bluetooth: bluetooth_adapter_winrt.cc:1075 Getting Default Adapter failed.
4월 08, 2022 10:50:54.09 [3564:6776:0408/105054.009:ERROR:device_event_log_impl.cc(214)] [10:50:54.009] Bluetooth: bluetooth_adapter_winrt.cc:1075 Getting Default Adapter failed.
4월 08, 2022 11:23:47.679 [3196:2264:0408/112347.679:ERROR:device_event_log_impl.cc(214)] [11:23:47.680] Bluetooth: bluetooth_adapter_winrt.cc:1075 Getting Default Adapter failed.
4월 08, 2022 11:25:42.851 [8256:1948:0408/112542.851:ERROR:device_event_log_impl.cc(214)] [11:25:42.851] Bluetooth: bluetooth_adapter_winrt.cc:1075 Getting Default Adapter failed.
4월 08, 2022 11:35:44.366 [3196:5464:0408/113544.365:ERROR:device_event_log_impl.cc(214)] [11:35:44.365] Bluetooth: bluetooth_adapter_winrt.cc:1075 Getting Default Adapter failed.
4월 08, 2022 11:37:22.510 [4656:2036:0408/113722.510:ERROR:device_event_log_impl.cc(214)] [11:37:22.510] Bluetooth: bluetooth_adapter_winrt.cc:1075 Getting Default Adapter failed.
4월 08, 2022 12:37:02.750 [4892:4492:0408/123702.750:ERROR:device_event_log_impl.cc(214)] [12:37:02.750] Bluetooth: bluetooth_adapter_winrt.cc:1075 Getting Default Adapter failed.
4월 08, 2022 12:37:13.514 [2372:7292:0408/123713.514:ERROR:device_event_log_impl.cc(214)] [12:37:13.514] Bluetooth: bluetooth_adapter_winrt.cc:1075 Getting Default Adapter failed.
4월 08, 2022 13:37:17.751 [2372:7292:0408/133717.750:ERROR:device_event_log_impl.cc(214)] [13:37:17.750] USB: usb_service_win.cc:260 Failed to get device driver name: 요소가 없습니다. (0x490)
4월 08, 2022 14:19:20.348 [1844:672:0408/141920.348:ERROR:device_event_log_impl.cc(214)] [14:19:20.348] Bluetooth: bluetooth_adapter_winrt.cc:1075 Getting Default Adapter failed.
4월 08, 2022 14:30:26.293 [7084:1452:0408/143026.293:ERROR:device_event_log_impl.cc(214)] [14:30:26.293] Bluetooth: bluetooth_adapter_winrt.cc:1075 Getting Default Adapter failed.
4월 08, 2022 14:33:07.360 [8680:7264:0408/143307.360:ERROR:device_event_log_impl.cc(214)] [14:33:07.360] Bluetooth: bluetooth_adapter_winrt.cc:1075 Getting Default Adapter failed.
4월 08, 2022 14:37:32.806 [2428:2944:0408/143732.806:ERROR:device_event_log_impl.cc(214)] [14:37:32.806] Bluetooth: bluetooth_adapter_winrt.cc:1075 Getting Default Adapter failed.
4월 08, 2022 14:39:44.370 [1040:6700:0408/143944.370:ERROR:device_event_log_impl.cc(214)] [14:39:44.370] Bluetooth: bluetooth_adapter_winrt.cc:1075 Getting Default Adapter failed.
4월 08, 2022 14:45:13.298 [9192:8108:0408/144513.298:ERROR:device_event_log_impl.cc(214)] [14:45:13.297] Bluetooth: bluetooth_adapter_winrt.cc:1075 Getting Default Adapter failed.

4월 11, 2022 09:31:36.155 NEW SESSION
4월 11, 2022 09:31:36.155 [7324:6768:0411/093136.154:ERROR:device_event_log_impl.cc(214)] [09:31:36.153] Bluetooth: bluetooth_adapter_winrt.cc:1075 Getting Default Adapter failed.
4월 11, 2022 09:35:40.602 [2196:2964:0411/093540.602:ERROR:device_event_log_impl.cc(214)] [09:35:40.603] Bluetooth: bluetooth_adapter_winrt.cc:1075 Getting Default Adapter failed.
4월 11, 2022 09:39:26.907 [4208:5864:0411/093926.906:ERROR:device_event_log_impl.cc(214)] [09:39:26.906] Bluetooth: bluetooth_adapter_winrt.cc:1075 Getting Default Adapter failed.
